Build started 12/13/2012 2:25:27 AM.
     1>Project "C:\Users\Koriantor\documents\visual studio 2010\Projects\Stellar Combat\Stellar Combat\Stellar Combat.vcxproj" on node 2 (build target(s)).
     1>InitializeBuildStatus:
         Creating "Debug\Stellar Combat.unsuccessfulbuild" because "AlwaysCreate" was specified.
       ClCompile:
         C:\Program Files (x86)\Microsoft Visual Studio 10.0\VC\bin\CL.exe /c /ZI /nologo /W3 /WX- /Od /Oy- /D _MBCS /Gm /EHsc /RTC1 /MDd /GS /fp:precise /Zc:wchar_t /Zc:forScope /Fo"Debug\\" /Fd"Debug\vc100.pdb" /Gd /TP /analyze- /errorReport:prompt main.cpp menu.cpp
         menu.cpp
         Generating Code...
         Compiling...
         main.cpp
         Generating Code...
       Link:
         C:\Program Files (x86)\Microsoft Visual Studio 10.0\VC\bin\link.exe /ERRORREPORT:PROMPT /OUT:"C:\Users\Koriantor\documents\visual studio 2010\Projects\Stellar Combat\Debug\Stellar Combat.exe" /NOLOGO kernel32.lib user32.lib gdi32.lib winspool.lib comdlg32.lib advapi32.lib shell32.lib ole32.lib oleaut32.lib uuid.lib odbc32.lib odbccp32.lib kernel32.lib user32.lib gdi32.lib winspool.lib comdlg32.lib advapi32.lib shell32.lib ole32.lib oleaut32.lib uuid.lib odbc32.lib odbccp32.lib "allegro-5.0.5-monolith-md-debug.lib" /MANIFEST /ManifestFile:"Debug\Stellar Combat.exe.intermediate.manifest" /MANIFESTUAC:"level='asInvoker' uiAccess='false'" /DEBUG /PDB:"C:\Users\Koriantor\documents\visual studio 2010\Projects\Stellar Combat\Debug\Stellar Combat.pdb" /TLBID:1 /DYNAMICBASE /NXCOMPAT /IMPLIB:"C:\Users\Koriantor\documents\visual studio 2010\Projects\Stellar Combat\Debug\Stellar Combat.lib" /MACHINE:X86 Debug\main.obj
         Debug\menu.obj
         Debug\ships.obj
         Stellar Combat.vcxproj -> C:\Users\Koriantor\documents\visual studio 2010\Projects\Stellar Combat\Debug\Stellar Combat.exe
       Manifest:
         C:\Program Files (x86)\Microsoft SDKs\Windows\v7.0A\bin\mt.exe /nologo /verbose /outputresource:"C:\Users\Koriantor\documents\visual studio 2010\Projects\Stellar Combat\Debug\Stellar Combat.exe;#1" /manifest "Debug\Stellar Combat.exe.intermediate.manifest"
       FinalizeBuildStatus:
         Deleting file "Debug\Stellar Combat.unsuccessfulbuild".
         Touching "Debug\Stellar Combat.lastbuildstate".
     1>Done Building Project "C:\Users\Koriantor\documents\visual studio 2010\Projects\Stellar Combat\Stellar Combat\Stellar Combat.vcxproj" (build target(s)).

Build succeeded.

Time Elapsed 00:00:18.99
